2022-04-28 01:34:44,728:INFO:PyCaret Supervised Module
2022-04-28 01:34:44,729:INFO:ML Usecase: classification
2022-04-28 01:34:44,729:INFO:version 2.3.10
2022-04-28 01:34:44,729:INFO:Initializing setup()
2022-04-28 01:34:44,730:INFO:setup(target=cardio, ml_usecase=classification, available_plots={'parameter': 'Hyperparameters', 'auc': 'AUC', 'confusion_matrix': 'Confusion Matrix', 'threshold': 'Threshold', 'pr': 'Precision Recall', 'error': 'Prediction Error', 'class_report': 'Class Report', 'rfe': 'Feature Selection', 'learning': 'Learning Curve', 'manifold': 'Manifold Learning', 'calibration': 'Calibration Curve', 'vc': 'Validation Curve', 'dimension': 'Dimensions', 'feature': 'Feature Importance', 'feature_all': 'Feature Importance (All)', 'boundary': 'Decision Boundary', 'lift': 'Lift Chart', 'gain': 'Gain Chart', 'tree': 'Decision Tree', 'ks': 'KS Statistic Plot'}, train_size=0.7, test_data=None, preprocess=True, imputation_type=simple, iterative_imputation_iters=5, categorical_features=None, categorical_imputation=constant, categorical_iterative_imputer=lightgbm, ordinal_features=None, high_cardinality_features=None, high_cardinality_method=frequency, numeric_features=None, numeric_imputation=mean, numeric_iterative_imputer=lightgbm, date_features=None, ignore_features=None, normalize=False, normalize_method=zscore, transformation=False, transformation_method=yeo-johnson, handle_unknown_categorical=True, unknown_categorical_method=least_frequent, pca=False, pca_method=linear, pca_components=None, ignore_low_variance=False, combine_rare_levels=False, rare_level_threshold=0.1, bin_numeric_features=None, remove_outliers=False, outliers_threshold=0.05, remove_multicollinearity=False, multicollinearity_threshold=0.9, remove_perfect_collinearity=True, create_clusters=False, cluster_iter=20, polynomial_features=False, polynomial_degree=2, trigonometry_features=False, polynomial_threshold=0.1, group_features=None, group_names=None, feature_selection=False, feature_selection_threshold=0.8, feature_selection_method=classic, feature_interaction=False, feature_ratio=False, interaction_threshold=0.01, fix_imbalance=False, fix_imbalance_method=None, transform_target=False, transform_target_method=box-cox, data_split_shuffle=True, data_split_stratify=False, fold_strategy=stratifiedkfold, fold=10, fold_shuffle=False, fold_groups=None, n_jobs=-1, use_gpu=False, custom_pipeline=None, html=False, session_id=None, log_experiment=False, experiment_name=None, experiment_custom_tags=None, log_plots=False, log_profile=False, log_data=False, silent=True, verbose=False, profile=False, profile_kwargs=None, display=None)
2022-04-28 01:34:44,730:INFO:Checking environment
2022-04-28 01:34:44,730:INFO:python_version: 3.8.13
2022-04-28 01:34:44,731:INFO:python_build: ('default', 'Mar 28 2022 06:59:08')
2022-04-28 01:34:44,731:INFO:machine: AMD64
2022-04-28 01:34:44,731:INFO:platform: Windows-10-10.0.19044-SP0
2022-04-28 01:34:44,731:INFO:Memory: svmem(total=8433590272, available=1213861888, percent=85.6, used=7219728384, free=1213861888)
2022-04-28 01:34:44,732:INFO:Physical Core: 4
2022-04-28 01:34:44,732:INFO:Logical Core: 8
2022-04-28 01:34:44,732:INFO:Checking libraries
2022-04-28 01:34:44,732:INFO:pd==1.4.2
2022-04-28 01:34:44,732:INFO:numpy==1.19.5
2022-04-28 01:34:44,732:INFO:sklearn==0.23.2
2022-04-28 01:34:44,733:INFO:lightgbm==3.3.2
2022-04-28 01:34:44,736:WARNING:catboost not found
2022-04-28 01:34:44,738:WARNING:xgboost not found
2022-04-28 01:34:44,738:INFO:mlflow==1.25.1
2022-04-28 01:34:44,739:INFO:Checking Exceptions
2022-04-28 01:34:44,739:INFO:Declaring global variables
2022-04-28 01:34:44,739:INFO:USI: 3831
2022-04-28 01:34:44,739:INFO:pycaret_globals: {'fold_groups_param', 'X_test', 'imputation_classifier', '_internal_pipeline', 'display_container', '_available_plots', 'imputation_regressor', 'transform_target_method_param', 'fold_shuffle_param', 'log_plots_param', 'transform_target_param', 'pycaret_globals', 'logging_param', '_ml_usecase', 'seed', '_all_models', 'prep_pipe', 'experiment__', 'master_model_container', 'fold_groups_param_full', 'target_param', 'USI', 'fix_imbalance_param', '_all_metrics', 'create_model_container', 'fix_imbalance_method_param', 'dashboard_logger', 'data_before_preprocess', 'n_jobs_param', '_gpu_n_jobs_param', 'exp_name_log', 'fold_param', 'X_train', 'stratify_param', 'y_train', '_all_models_internal', 'iterative_imputation_iters_param', 'gpu_param', 'y', 'fold_generator', 'html_param', 'y_test', 'X'}
2022-04-28 01:34:44,739:INFO:Preparing display monitor
2022-04-28 01:34:44,740:INFO:Importing libraries
2022-04-28 01:34:44,740:INFO:Copying data for preprocessing
2022-04-28 01:34:44,742:INFO:Declaring preprocessing parameters
2022-04-28 01:34:44,750:INFO:Creating preprocessing pipeline
2022-04-28 01:34:44,852:INFO:Preprocessing pipeline created successfully
2022-04-28 01:34:44,853:ERROR:(Process Exit): setup has been interupted with user command 'quit'. setup must rerun.
2022-04-28 01:34:44,853:INFO:Creating global containers
2022-04-28 01:34:44,858:INFO:Internal pipeline: Pipeline(memory=None, steps=[('empty_step', 'passthrough')], verbose=False)
2022-04-28 01:34:48,063:WARNING:Couldn't import xgboost.XGBClassifier
2022-04-28 01:34:48,065:WARNING:Couldn't import catboost.CatBoostClassifier
2022-04-28 01:34:48,194:WARNING:Couldn't import xgboost.XGBClassifier
2022-04-28 01:34:48,196:WARNING:Couldn't import catboost.CatBoostClassifier
2022-04-28 01:34:48,196:INFO:Creating grid variables
2022-04-28 01:34:48,201:INFO:create_model_container: 0
2022-04-28 01:34:48,201:INFO:master_model_container: 0
2022-04-28 01:34:48,201:INFO:display_container: 1
2022-04-28 01:34:48,208:INFO:Pipeline(memory=None,
         steps=[('dtypes',
                 DataTypes_Auto_infer(categorical_features=[],
                                      display_types=False, features_todrop=[],
                                      id_columns=[],
                                      ml_usecase='classification',
                                      numerical_features=[], target='cardio',
                                      time_features=[])),
                ('imputer',
                 Simple_Imputer(categorical_strategy='not_available',
                                fill_value_categorical=None,
                                fill_value_numerical=None,
                                numeric_stra...
                ('scaling', 'passthrough'), ('P_transform', 'passthrough'),
                ('binn', 'passthrough'), ('rem_outliers', 'passthrough'),
                ('cluster_all', 'passthrough'),
                ('dummy', Dummify(target='cardio')),
                ('fix_perfect', Remove_100(target='cardio')),
                ('clean_names', Clean_Colum_Names()),
                ('feature_select', 'passthrough'), ('fix_multi', 'passthrough'),
                ('dfs', 'passthrough'), ('pca', 'passthrough')],
         verbose=False)
2022-04-28 01:34:48,208:INFO:setup() succesfully completed......................................
2022-04-28 01:34:48,304:INFO:Initializing compare_models()
2022-04-28 01:34:48,304:INFO:compare_models(include=None, fold=None, round=4, cross_validation=True, sort=Accuracy, n_select=1, budget_time=None, turbo=True, errors=ignore, fit_kwargs=None, groups=None, experiment_custom_tags=None, probability_threshold=None, verbose=True, display=None, exclude=None)
2022-04-28 01:34:48,304:INFO:Checking exceptions
2022-04-28 01:34:48,305:INFO:Preparing display monitor
2022-04-28 01:34:48,306:INFO:Preparing display monitor
2022-04-28 01:34:48,308:INFO:Initializing Logistic Regression
2022-04-28 01:34:48,308:INFO:Total runtime is 0.0 minutes
2022-04-28 01:34:48,308:INFO:SubProcess create_model() called ==================================
2022-04-28 01:34:48,308:INFO:Initializing create_model()
2022-04-28 01:34:48,309:INFO:create_model(estimator=lr, fold=StratifiedKFold(n_splits=10, random_state=None, shuffle=False), round=4, cross_validation=True, predict=True, fit_kwargs={}, groups=None, refit=False, verbose=False, system=False, metrics=None, experiment_custom_tags=None, add_to_model_list=True, probability_threshold=None, display=<pycaret.internal.Display.Display object at 0x000001E7EF920340>, return_train_score=False, kwargs={})
2022-04-28 01:34:48,309:INFO:Checking exceptions
2022-04-28 01:34:48,309:INFO:Importing libraries
2022-04-28 01:34:48,309:INFO:Copying training dataset
2022-04-28 01:34:48,310:INFO:Defining folds
2022-04-28 01:34:48,310:INFO:Declaring metric variables
2022-04-28 01:34:48,310:INFO:Importing untrained model
2022-04-28 01:34:48,311:INFO:Logistic Regression Imported succesfully
2022-04-28 01:34:48,311:INFO:Starting cross validation
2022-04-28 01:34:48,312:INFO:Cross validating with StratifiedKFold(n_splits=10, random_state=None, shuffle=False), n_jobs=-1
2022-04-28 01:35:10,287:INFO:Calculating mean and std
2022-04-28 01:35:10,288:INFO:Creating metrics dataframe
2022-04-28 01:35:10,355:INFO:Uploading results into container
2022-04-28 01:35:10,355:INFO:Uploading model into container now
2022-04-28 01:35:10,355:INFO:create_model_container: 1
2022-04-28 01:35:10,355:INFO:master_model_container: 1
2022-04-28 01:35:10,355:INFO:display_container: 2
2022-04-28 01:35:10,356:INFO:LogisticRegression(C=1.0, class_weight=None, dual=False, fit_intercept=True,
                   intercept_scaling=1, l1_ratio=None, max_iter=1000,
                   multi_class='auto', n_jobs=None, penalty='l2',
                   random_state=4544, solver='lbfgs', tol=0.0001, verbose=0,
                   warm_start=False)
2022-04-28 01:35:10,356:INFO:create_model() succesfully completed......................................
2022-04-28 01:35:10,453:INFO:SubProcess create_model() end ==================================
2022-04-28 01:35:10,454:INFO:Creating metrics dataframe
2022-04-28 01:35:10,507:INFO:Initializing K Neighbors Classifier
2022-04-28 01:35:10,507:INFO:Total runtime is 0.3699860692024231 minutes
2022-04-28 01:35:10,507:INFO:SubProcess create_model() called ==================================
2022-04-28 01:35:10,508:INFO:Initializing create_model()
2022-04-28 01:35:10,508:INFO:create_model(estimator=knn, fold=StratifiedKFold(n_splits=10, random_state=None, shuffle=False), round=4, cross_validation=True, predict=True, fit_kwargs={}, groups=None, refit=False, verbose=False, system=False, metrics=None, experiment_custom_tags=None, add_to_model_list=True, probability_threshold=None, display=<pycaret.internal.Display.Display object at 0x000001E7EF920340>, return_train_score=False, kwargs={})
2022-04-28 01:35:10,508:INFO:Checking exceptions
2022-04-28 01:35:10,508:INFO:Importing libraries
2022-04-28 01:35:10,508:INFO:Copying training dataset
2022-04-28 01:35:10,509:INFO:Defining folds
2022-04-28 01:35:10,509:INFO:Declaring metric variables
2022-04-28 01:35:10,509:INFO:Importing untrained model
2022-04-28 01:35:10,510:INFO:K Neighbors Classifier Imported succesfully
2022-04-28 01:35:10,511:INFO:Starting cross validation
2022-04-28 01:35:10,511:INFO:Cross validating with StratifiedKFold(n_splits=10, random_state=None, shuffle=False), n_jobs=-1
2022-04-28 01:35:13,733:INFO:Calculating mean and std
2022-04-28 01:35:13,734:INFO:Creating metrics dataframe
2022-04-28 01:35:13,785:INFO:Uploading results into container
2022-04-28 01:35:13,785:INFO:Uploading model into container now
2022-04-28 01:35:13,785:INFO:create_model_container: 2
2022-04-28 01:35:13,785:INFO:master_model_container: 2
2022-04-28 01:35:13,785:INFO:display_container: 2
2022-04-28 01:35:13,786:INFO:KNeighborsClassifier(algorithm='auto', leaf_size=30, metric='minkowski',
                     metric_params=None, n_jobs=-1, n_neighbors=5, p=2,
                     weights='uniform')
2022-04-28 01:35:13,786:INFO:create_model() succesfully completed......................................
2022-04-28 01:35:13,896:INFO:SubProcess create_model() end ==================================
2022-04-28 01:35:13,896:INFO:Creating metrics dataframe
2022-04-28 01:35:13,955:INFO:Initializing Naive Bayes
2022-04-28 01:35:13,955:INFO:Total runtime is 0.42745742003122966 minutes
2022-04-28 01:35:13,955:INFO:SubProcess create_model() called ==================================
2022-04-28 01:35:13,956:INFO:Initializing create_model()
2022-04-28 01:35:13,956:INFO:create_model(estimator=nb, fold=StratifiedKFold(n_splits=10, random_state=None, shuffle=False), round=4, cross_validation=True, predict=True, fit_kwargs={}, groups=None, refit=False, verbose=False, system=False, metrics=None, experiment_custom_tags=None, add_to_model_list=True, probability_threshold=None, display=<pycaret.internal.Display.Display object at 0x000001E7EF920340>, return_train_score=False, kwargs={})
2022-04-28 01:35:13,956:INFO:Checking exceptions
2022-04-28 01:35:13,956:INFO:Importing libraries
2022-04-28 01:35:13,956:INFO:Copying training dataset
2022-04-28 01:35:13,958:INFO:Defining folds
2022-04-28 01:35:13,958:INFO:Declaring metric variables
2022-04-28 01:35:13,958:INFO:Importing untrained model
2022-04-28 01:35:13,958:INFO:Naive Bayes Imported succesfully
2022-04-28 01:35:13,959:INFO:Starting cross validation
2022-04-28 01:35:13,960:INFO:Cross validating with StratifiedKFold(n_splits=10, random_state=None, shuffle=False), n_jobs=-1
2022-04-28 01:35:14,254:INFO:Calculating mean and std
2022-04-28 01:35:14,255:INFO:Creating metrics dataframe
2022-04-28 01:35:14,297:INFO:Uploading results into container
2022-04-28 01:35:14,297:INFO:Uploading model into container now
2022-04-28 01:35:14,298:INFO:create_model_container: 3
2022-04-28 01:35:14,298:INFO:master_model_container: 3
2022-04-28 01:35:14,298:INFO:display_container: 2
2022-04-28 01:35:14,298:INFO:GaussianNB(priors=None, var_smoothing=1e-09)
2022-04-28 01:35:14,298:INFO:create_model() succesfully completed......................................
2022-04-28 01:35:14,390:INFO:SubProcess create_model() end ==================================
2022-04-28 01:35:14,391:INFO:Creating metrics dataframe
2022-04-28 01:35:14,439:INFO:Initializing Decision Tree Classifier
2022-04-28 01:35:14,440:INFO:Total runtime is 0.43553530375162763 minutes
2022-04-28 01:35:14,440:INFO:SubProcess create_model() called ==================================
2022-04-28 01:35:14,441:INFO:Initializing create_model()
2022-04-28 01:35:14,441:INFO:create_model(estimator=dt, fold=StratifiedKFold(n_splits=10, random_state=None, shuffle=False), round=4, cross_validation=True, predict=True, fit_kwargs={}, groups=None, refit=False, verbose=False, system=False, metrics=None, experiment_custom_tags=None, add_to_model_list=True, probability_threshold=None, display=<pycaret.internal.Display.Display object at 0x000001E7EF920340>, return_train_score=False, kwargs={})
2022-04-28 01:35:14,441:INFO:Checking exceptions
2022-04-28 01:35:14,441:INFO:Importing libraries
2022-04-28 01:35:14,441:INFO:Copying training dataset
2022-04-28 01:35:14,443:INFO:Defining folds
2022-04-28 01:35:14,443:INFO:Declaring metric variables
2022-04-28 01:35:14,443:INFO:Importing untrained model
2022-04-28 01:35:14,444:INFO:Decision Tree Classifier Imported succesfully
2022-04-28 01:35:14,444:INFO:Starting cross validation
2022-04-28 01:35:14,446:INFO:Cross validating with StratifiedKFold(n_splits=10, random_state=None, shuffle=False), n_jobs=-1
2022-04-28 01:35:15,329:INFO:Calculating mean and std
2022-04-28 01:35:15,330:INFO:Creating metrics dataframe
2022-04-28 01:35:15,359:INFO:Uploading results into container
2022-04-28 01:35:15,360:INFO:Uploading model into container now
2022-04-28 01:35:15,360:INFO:create_model_container: 4
2022-04-28 01:35:15,360:INFO:master_model_container: 4
2022-04-28 01:35:15,360:INFO:display_container: 2
2022-04-28 01:35:15,360:INFO:DecisionTreeClassifier(ccp_alpha=0.0, class_weight=None, criterion='gini',
                       max_depth=None, max_features=None, max_leaf_nodes=None,
                       min_impurity_decrease=0.0, min_impurity_split=None,
                       min_samples_leaf=1, min_samples_split=2,
                       min_weight_fraction_leaf=0.0, presort='deprecated',
                       random_state=4544, splitter='best')
2022-04-28 01:35:15,361:INFO:create_model() succesfully completed......................................
2022-04-28 01:35:15,445:INFO:SubProcess create_model() end ==================================
2022-04-28 01:35:15,445:INFO:Creating metrics dataframe
2022-04-28 01:35:15,483:INFO:Initializing SVM - Linear Kernel
2022-04-28 01:35:15,483:INFO:Total runtime is 0.45291696389516195 minutes
2022-04-28 01:35:15,483:INFO:SubProcess create_model() called ==================================
2022-04-28 01:35:15,484:INFO:Initializing create_model()
2022-04-28 01:35:15,484:INFO:create_model(estimator=svm, fold=StratifiedKFold(n_splits=10, random_state=None, shuffle=False), round=4, cross_validation=True, predict=True, fit_kwargs={}, groups=None, refit=False, verbose=False, system=False, metrics=None, experiment_custom_tags=None, add_to_model_list=True, probability_threshold=None, display=<pycaret.internal.Display.Display object at 0x000001E7EF920340>, return_train_score=False, kwargs={})
2022-04-28 01:35:15,484:INFO:Checking exceptions
2022-04-28 01:35:15,484:INFO:Importing libraries
2022-04-28 01:35:15,484:INFO:Copying training dataset
2022-04-28 01:35:15,485:INFO:Defining folds
2022-04-28 01:35:15,485:INFO:Declaring metric variables
2022-04-28 01:35:15,485:INFO:Importing untrained model
2022-04-28 01:35:15,486:INFO:SVM - Linear Kernel Imported succesfully
2022-04-28 01:35:15,486:INFO:Starting cross validation
2022-04-28 01:35:15,487:INFO:Cross validating with StratifiedKFold(n_splits=10, random_state=None, shuffle=False), n_jobs=-1
2022-04-28 01:35:19,065:INFO:Calculating mean and std
2022-04-28 01:35:19,066:INFO:Creating metrics dataframe
2022-04-28 01:35:19,098:INFO:Uploading results into container
2022-04-28 01:35:19,098:INFO:Uploading model into container now
2022-04-28 01:35:19,098:INFO:create_model_container: 5
2022-04-28 01:35:19,098:INFO:master_model_container: 5
2022-04-28 01:35:19,098:INFO:display_container: 2
2022-04-28 01:35:19,099:INFO:SGDClassifier(alpha=0.0001, average=False, class_weight=None,
              early_stopping=False, epsilon=0.1, eta0=0.001, fit_intercept=True,
              l1_ratio=0.15, learning_rate='optimal', loss='hinge',
              max_iter=1000, n_iter_no_change=5, n_jobs=-1, penalty='l2',
              power_t=0.5, random_state=4544, shuffle=True, tol=0.001,
              validation_fraction=0.1, verbose=0, warm_start=False)
2022-04-28 01:35:19,099:INFO:create_model() succesfully completed......................................
2022-04-28 01:35:19,193:INFO:SubProcess create_model() end ==================================
2022-04-28 01:35:19,193:INFO:Creating metrics dataframe
2022-04-28 01:35:19,256:INFO:Initializing Ridge Classifier
2022-04-28 01:35:19,256:INFO:Total runtime is 0.5158054113388062 minutes
2022-04-28 01:35:19,257:INFO:SubProcess create_model() called ==================================
2022-04-28 01:35:19,257:INFO:Initializing create_model()
2022-04-28 01:35:19,258:INFO:create_model(estimator=ridge, fold=StratifiedKFold(n_splits=10, random_state=None, shuffle=False), round=4, cross_validation=True, predict=True, fit_kwargs={}, groups=None, refit=False, verbose=False, system=False, metrics=None, experiment_custom_tags=None, add_to_model_list=True, probability_threshold=None, display=<pycaret.internal.Display.Display object at 0x000001E7EF920340>, return_train_score=False, kwargs={})
2022-04-28 01:35:19,258:INFO:Checking exceptions
2022-04-28 01:35:19,258:INFO:Importing libraries
2022-04-28 01:35:19,258:INFO:Copying training dataset
2022-04-28 01:35:19,259:INFO:Defining folds
2022-04-28 01:35:19,260:INFO:Declaring metric variables
2022-04-28 01:35:19,260:INFO:Importing untrained model
2022-04-28 01:35:19,261:INFO:Ridge Classifier Imported succesfully
2022-04-28 01:35:19,261:INFO:Starting cross validation
2022-04-28 01:35:19,262:INFO:Cross validating with StratifiedKFold(n_splits=10, random_state=None, shuffle=False), n_jobs=-1
2022-04-28 01:35:19,554:INFO:Calculating mean and std
2022-04-28 01:35:19,555:INFO:Creating metrics dataframe
2022-04-28 01:35:19,584:INFO:Uploading results into container
2022-04-28 01:35:19,585:INFO:Uploading model into container now
2022-04-28 01:35:19,585:INFO:create_model_container: 6
2022-04-28 01:35:19,585:INFO:master_model_container: 6
2022-04-28 01:35:19,585:INFO:display_container: 2
2022-04-28 01:35:19,586:INFO:RidgeClassifier(alpha=1.0, class_weight=None, copy_X=True, fit_intercept=True,
                max_iter=None, normalize=False, random_state=4544,
                solver='auto', tol=0.001)
2022-04-28 01:35:19,586:INFO:create_model() succesfully completed......................................
2022-04-28 01:35:19,696:INFO:SubProcess create_model() end ==================================
2022-04-28 01:35:19,696:INFO:Creating metrics dataframe
2022-04-28 01:35:19,741:INFO:Initializing Random Forest Classifier
2022-04-28 01:35:19,741:INFO:Total runtime is 0.523888107140859 minutes
2022-04-28 01:35:19,741:INFO:SubProcess create_model() called ==================================
2022-04-28 01:35:19,742:INFO:Initializing create_model()
2022-04-28 01:35:19,743:INFO:create_model(estimator=rf, fold=StratifiedKFold(n_splits=10, random_state=None, shuffle=False), round=4, cross_validation=True, predict=True, fit_kwargs={}, groups=None, refit=False, verbose=False, system=False, metrics=None, experiment_custom_tags=None, add_to_model_list=True, probability_threshold=None, display=<pycaret.internal.Display.Display object at 0x000001E7EF920340>, return_train_score=False, kwargs={})
2022-04-28 01:35:19,743:INFO:Checking exceptions
2022-04-28 01:35:19,743:INFO:Importing libraries
2022-04-28 01:35:19,744:INFO:Copying training dataset
2022-04-28 01:35:19,745:INFO:Defining folds
2022-04-28 01:35:19,746:INFO:Declaring metric variables
2022-04-28 01:35:19,746:INFO:Importing untrained model
2022-04-28 01:35:19,746:INFO:Random Forest Classifier Imported succesfully
2022-04-28 01:35:19,747:INFO:Starting cross validation
2022-04-28 01:35:19,748:INFO:Cross validating with StratifiedKFold(n_splits=10, random_state=None, shuffle=False), n_jobs=-1
2022-04-28 01:35:33,706:INFO:Calculating mean and std
2022-04-28 01:35:33,707:INFO:Creating metrics dataframe
2022-04-28 01:35:33,746:INFO:Uploading results into container
2022-04-28 01:35:33,746:INFO:Uploading model into container now
2022-04-28 01:35:33,746:INFO:create_model_container: 7
2022-04-28 01:35:33,746:INFO:master_model_container: 7
2022-04-28 01:35:33,746:INFO:display_container: 2
2022-04-28 01:35:33,747:INFO:RandomForestClassifier(bootstrap=True, ccp_alpha=0.0, class_weight=None,
                       criterion='gini', max_depth=None, max_features='auto',
                       max_leaf_nodes=None, max_samples=None,
                       min_impurity_decrease=0.0, min_impurity_split=None,
                       min_samples_leaf=1, min_samples_split=2,
                       min_weight_fraction_leaf=0.0, n_estimators=100,
                       n_jobs=-1, oob_score=False, random_state=4544, verbose=0,
                       warm_start=False)
2022-04-28 01:35:33,747:INFO:create_model() succesfully completed......................................
2022-04-28 01:35:33,852:INFO:SubProcess create_model() end ==================================
2022-04-28 01:35:33,852:INFO:Creating metrics dataframe
2022-04-28 01:35:33,902:INFO:Initializing Quadratic Discriminant Analysis
2022-04-28 01:35:33,902:INFO:Total runtime is 0.7598946134249369 minutes
2022-04-28 01:35:33,903:INFO:SubProcess create_model() called ==================================
2022-04-28 01:35:33,903:INFO:Initializing create_model()
2022-04-28 01:35:33,903:INFO:create_model(estimator=qda, fold=StratifiedKFold(n_splits=10, random_state=None, shuffle=False), round=4, cross_validation=True, predict=True, fit_kwargs={}, groups=None, refit=False, verbose=False, system=False, metrics=None, experiment_custom_tags=None, add_to_model_list=True, probability_threshold=None, display=<pycaret.internal.Display.Display object at 0x000001E7EF920340>, return_train_score=False, kwargs={})
2022-04-28 01:35:33,903:INFO:Checking exceptions
2022-04-28 01:35:33,903:INFO:Importing libraries
2022-04-28 01:35:33,903:INFO:Copying training dataset
2022-04-28 01:35:33,905:INFO:Defining folds
2022-04-28 01:35:33,905:INFO:Declaring metric variables
2022-04-28 01:35:33,905:INFO:Importing untrained model
2022-04-28 01:35:33,905:INFO:Quadratic Discriminant Analysis Imported succesfully
2022-04-28 01:35:33,906:INFO:Starting cross validation
2022-04-28 01:35:33,907:INFO:Cross validating with StratifiedKFold(n_splits=10, random_state=None, shuffle=False), n_jobs=-1
2022-04-28 01:35:34,324:INFO:Calculating mean and std
2022-04-28 01:35:34,325:INFO:Creating metrics dataframe
2022-04-28 01:35:34,365:INFO:Uploading results into container
2022-04-28 01:35:34,365:INFO:Uploading model into container now
2022-04-28 01:35:34,365:INFO:create_model_container: 8
2022-04-28 01:35:34,365:INFO:master_model_container: 8
2022-04-28 01:35:34,365:INFO:display_container: 2
2022-04-28 01:35:34,366:INFO:QuadraticDiscriminantAnalysis(priors=None, reg_param=0.0,
                              store_covariance=False, tol=0.0001)
2022-04-28 01:35:34,366:INFO:create_model() succesfully completed......................................
2022-04-28 01:35:34,470:INFO:SubProcess create_model() end ==================================
2022-04-28 01:35:34,471:INFO:Creating metrics dataframe
2022-04-28 01:35:34,525:INFO:Initializing Ada Boost Classifier
2022-04-28 01:35:34,525:INFO:Total runtime is 0.7702923814455668 minutes
2022-04-28 01:35:34,526:INFO:SubProcess create_model() called ==================================
2022-04-28 01:35:34,526:INFO:Initializing create_model()
2022-04-28 01:35:34,526:INFO:create_model(estimator=ada, fold=StratifiedKFold(n_splits=10, random_state=None, shuffle=False), round=4, cross_validation=True, predict=True, fit_kwargs={}, groups=None, refit=False, verbose=False, system=False, metrics=None, experiment_custom_tags=None, add_to_model_list=True, probability_threshold=None, display=<pycaret.internal.Display.Display object at 0x000001E7EF920340>, return_train_score=False, kwargs={})
2022-04-28 01:35:34,526:INFO:Checking exceptions
2022-04-28 01:35:34,527:INFO:Importing libraries
2022-04-28 01:35:34,527:INFO:Copying training dataset
2022-04-28 01:35:34,528:INFO:Defining folds
2022-04-28 01:35:34,528:INFO:Declaring metric variables
2022-04-28 01:35:34,528:INFO:Importing untrained model
2022-04-28 01:35:34,528:INFO:Ada Boost Classifier Imported succesfully
2022-04-28 01:35:34,529:INFO:Starting cross validation
2022-04-28 01:35:34,529:INFO:Cross validating with StratifiedKFold(n_splits=10, random_state=None, shuffle=False), n_jobs=-1
2022-04-28 01:35:37,938:INFO:Calculating mean and std
2022-04-28 01:35:37,939:INFO:Creating metrics dataframe
2022-04-28 01:35:37,970:INFO:Uploading results into container
2022-04-28 01:35:37,970:INFO:Uploading model into container now
2022-04-28 01:35:37,970:INFO:create_model_container: 9
2022-04-28 01:35:37,970:INFO:master_model_container: 9
2022-04-28 01:35:37,970:INFO:display_container: 2
2022-04-28 01:35:37,971:INFO:AdaBoostClassifier(algorithm='SAMME.R', base_estimator=None, learning_rate=1.0,
                   n_estimators=50, random_state=4544)
2022-04-28 01:35:37,971:INFO:create_model() succesfully completed......................................
2022-04-28 01:35:38,049:INFO:SubProcess create_model() end ==================================
2022-04-28 01:35:38,049:INFO:Creating metrics dataframe
2022-04-28 01:35:38,086:INFO:Initializing Gradient Boosting Classifier
2022-04-28 01:35:38,086:INFO:Total runtime is 0.8296328624089558 minutes
2022-04-28 01:35:38,086:INFO:SubProcess create_model() called ==================================
2022-04-28 01:35:38,087:INFO:Initializing create_model()
2022-04-28 01:35:38,087:INFO:create_model(estimator=gbc, fold=StratifiedKFold(n_splits=10, random_state=None, shuffle=False), round=4, cross_validation=True, predict=True, fit_kwargs={}, groups=None, refit=False, verbose=False, system=False, metrics=None, experiment_custom_tags=None, add_to_model_list=True, probability_threshold=None, display=<pycaret.internal.Display.Display object at 0x000001E7EF920340>, return_train_score=False, kwargs={})
2022-04-28 01:35:38,087:INFO:Checking exceptions
2022-04-28 01:35:38,087:INFO:Importing libraries
2022-04-28 01:35:38,087:INFO:Copying training dataset
2022-04-28 01:35:38,088:INFO:Defining folds
2022-04-28 01:35:38,088:INFO:Declaring metric variables
2022-04-28 01:35:38,088:INFO:Importing untrained model
2022-04-28 01:35:38,089:INFO:Gradient Boosting Classifier Imported succesfully
2022-04-28 01:35:38,089:INFO:Starting cross validation
2022-04-28 01:35:38,090:INFO:Cross validating with StratifiedKFold(n_splits=10, random_state=None, shuffle=False), n_jobs=-1
2022-04-28 01:35:47,800:INFO:Calculating mean and std
2022-04-28 01:35:47,800:INFO:Creating metrics dataframe
2022-04-28 01:35:47,824:INFO:Uploading results into container
2022-04-28 01:35:47,824:INFO:Uploading model into container now
2022-04-28 01:35:47,825:INFO:create_model_container: 10
2022-04-28 01:35:47,825:INFO:master_model_container: 10
2022-04-28 01:35:47,825:INFO:display_container: 2
2022-04-28 01:35:47,825:INFO:GradientBoostingClassifier(ccp_alpha=0.0, criterion='friedman_mse', init=None,
                           learning_rate=0.1, loss='deviance', max_depth=3,
                           max_features=None, max_leaf_nodes=None,
                           min_impurity_decrease=0.0, min_impurity_split=None,
                           min_samples_leaf=1, min_samples_split=2,
                           min_weight_fraction_leaf=0.0, n_estimators=100,
                           n_iter_no_change=None, presort='deprecated',
                           random_state=4544, subsample=1.0, tol=0.0001,
                           validation_fraction=0.1, verbose=0,
                           warm_start=False)
2022-04-28 01:35:47,825:INFO:create_model() succesfully completed......................................
2022-04-28 01:35:47,901:INFO:SubProcess create_model() end ==================================
2022-04-28 01:35:47,902:INFO:Creating metrics dataframe
2022-04-28 01:35:47,937:INFO:Initializing Linear Discriminant Analysis
2022-04-28 01:35:47,937:INFO:Total runtime is 0.9938243468602498 minutes
2022-04-28 01:35:47,937:INFO:SubProcess create_model() called ==================================
2022-04-28 01:35:47,938:INFO:Initializing create_model()
2022-04-28 01:35:47,938:INFO:create_model(estimator=lda, fold=StratifiedKFold(n_splits=10, random_state=None, shuffle=False), round=4, cross_validation=True, predict=True, fit_kwargs={}, groups=None, refit=False, verbose=False, system=False, metrics=None, experiment_custom_tags=None, add_to_model_list=True, probability_threshold=None, display=<pycaret.internal.Display.Display object at 0x000001E7EF920340>, return_train_score=False, kwargs={})
2022-04-28 01:35:47,938:INFO:Checking exceptions
2022-04-28 01:35:47,938:INFO:Importing libraries
2022-04-28 01:35:47,938:INFO:Copying training dataset
2022-04-28 01:35:47,939:INFO:Defining folds
2022-04-28 01:35:47,939:INFO:Declaring metric variables
2022-04-28 01:35:47,940:INFO:Importing untrained model
2022-04-28 01:35:47,940:INFO:Linear Discriminant Analysis Imported succesfully
2022-04-28 01:35:47,940:INFO:Starting cross validation
2022-04-28 01:35:47,941:INFO:Cross validating with StratifiedKFold(n_splits=10, random_state=None, shuffle=False), n_jobs=-1
2022-04-28 01:35:48,417:INFO:Calculating mean and std
2022-04-28 01:35:48,419:INFO:Creating metrics dataframe
2022-04-28 01:35:48,449:INFO:Uploading results into container
2022-04-28 01:35:48,449:INFO:Uploading model into container now
2022-04-28 01:35:48,449:INFO:create_model_container: 11
2022-04-28 01:35:48,449:INFO:master_model_container: 11
2022-04-28 01:35:48,449:INFO:display_container: 2
2022-04-28 01:35:48,450:INFO:LinearDiscriminantAnalysis(n_components=None, priors=None, shrinkage=None,
                           solver='svd', store_covariance=False, tol=0.0001)
2022-04-28 01:35:48,450:INFO:create_model() succesfully completed......................................
2022-04-28 01:35:48,538:INFO:SubProcess create_model() end ==================================
2022-04-28 01:35:48,538:INFO:Creating metrics dataframe
2022-04-28 01:35:48,589:INFO:Initializing Extra Trees Classifier
2022-04-28 01:35:48,590:INFO:Total runtime is 1.0047085722287497 minutes
2022-04-28 01:35:48,590:INFO:SubProcess create_model() called ==================================
2022-04-28 01:35:48,590:INFO:Initializing create_model()
2022-04-28 01:35:48,590:INFO:create_model(estimator=et, fold=StratifiedKFold(n_splits=10, random_state=None, shuffle=False), round=4, cross_validation=True, predict=True, fit_kwargs={}, groups=None, refit=False, verbose=False, system=False, metrics=None, experiment_custom_tags=None, add_to_model_list=True, probability_threshold=None, display=<pycaret.internal.Display.Display object at 0x000001E7EF920340>, return_train_score=False, kwargs={})
2022-04-28 01:35:48,591:INFO:Checking exceptions
2022-04-28 01:35:48,591:INFO:Importing libraries
2022-04-28 01:35:48,591:INFO:Copying training dataset
2022-04-28 01:35:48,592:INFO:Defining folds
2022-04-28 01:35:48,592:INFO:Declaring metric variables
2022-04-28 01:35:48,592:INFO:Importing untrained model
2022-04-28 01:35:48,593:INFO:Extra Trees Classifier Imported succesfully
2022-04-28 01:35:48,593:INFO:Starting cross validation
2022-04-28 01:35:48,594:INFO:Cross validating with StratifiedKFold(n_splits=10, random_state=None, shuffle=False), n_jobs=-1
2022-04-28 01:36:00,752:INFO:Calculating mean and std
2022-04-28 01:36:00,753:INFO:Creating metrics dataframe
2022-04-28 01:36:00,790:INFO:Uploading results into container
2022-04-28 01:36:00,791:INFO:Uploading model into container now
2022-04-28 01:36:00,791:INFO:create_model_container: 12
2022-04-28 01:36:00,791:INFO:master_model_container: 12
2022-04-28 01:36:00,791:INFO:display_container: 2
2022-04-28 01:36:00,792:INFO:ExtraTreesClassifier(bootstrap=False, ccp_alpha=0.0, class_weight=None,
                     criterion='gini', max_depth=None, max_features='auto',
                     max_leaf_nodes=None, max_samples=None,
                     min_impurity_decrease=0.0, min_impurity_split=None,
                     min_samples_leaf=1, min_samples_split=2,
                     min_weight_fraction_leaf=0.0, n_estimators=100, n_jobs=-1,
                     oob_score=False, random_state=4544, verbose=0,
                     warm_start=False)
2022-04-28 01:36:00,792:INFO:create_model() succesfully completed......................................
2022-04-28 01:36:00,898:INFO:SubProcess create_model() end ==================================
2022-04-28 01:36:00,898:INFO:Creating metrics dataframe
2022-04-28 01:36:00,953:INFO:Initializing Light Gradient Boosting Machine
2022-04-28 01:36:00,953:INFO:Total runtime is 1.2107582092285156 minutes
2022-04-28 01:36:00,953:INFO:SubProcess create_model() called ==================================
2022-04-28 01:36:00,954:INFO:Initializing create_model()
2022-04-28 01:36:00,954:INFO:create_model(estimator=lightgbm, fold=StratifiedKFold(n_splits=10, random_state=None, shuffle=False), round=4, cross_validation=True, predict=True, fit_kwargs={}, groups=None, refit=False, verbose=False, system=False, metrics=None, experiment_custom_tags=None, add_to_model_list=True, probability_threshold=None, display=<pycaret.internal.Display.Display object at 0x000001E7EF920340>, return_train_score=False, kwargs={})
2022-04-28 01:36:00,954:INFO:Checking exceptions
2022-04-28 01:36:00,955:INFO:Importing libraries
2022-04-28 01:36:00,955:INFO:Copying training dataset
2022-04-28 01:36:00,956:INFO:Defining folds
2022-04-28 01:36:00,956:INFO:Declaring metric variables
2022-04-28 01:36:00,957:INFO:Importing untrained model
2022-04-28 01:36:00,958:INFO:Light Gradient Boosting Machine Imported succesfully
2022-04-28 01:36:00,958:INFO:Starting cross validation
2022-04-28 01:36:00,959:INFO:Cross validating with StratifiedKFold(n_splits=10, random_state=None, shuffle=False), n_jobs=-1
2022-04-28 01:36:02,427:INFO:Calculating mean and std
2022-04-28 01:36:02,429:INFO:Creating metrics dataframe
2022-04-28 01:36:02,458:INFO:Uploading results into container
2022-04-28 01:36:02,458:INFO:Uploading model into container now
2022-04-28 01:36:02,458:INFO:create_model_container: 13
2022-04-28 01:36:02,458:INFO:master_model_container: 13
2022-04-28 01:36:02,458:INFO:display_container: 2
2022-04-28 01:36:02,459:INFO:LGBMClassifier(boosting_type='gbdt', class_weight=None, colsample_bytree=1.0,
               importance_type='split', learning_rate=0.1, max_depth=-1,
               min_child_samples=20, min_child_weight=0.001, min_split_gain=0.0,
               n_estimators=100, n_jobs=-1, num_leaves=31, objective=None,
               random_state=4544, reg_alpha=0.0, reg_lambda=0.0, silent='warn',
               subsample=1.0, subsample_for_bin=200000, subsample_freq=0)
2022-04-28 01:36:02,459:INFO:create_model() succesfully completed......................................
2022-04-28 01:36:02,541:INFO:SubProcess create_model() end ==================================
2022-04-28 01:36:02,542:INFO:Creating metrics dataframe
2022-04-28 01:36:02,586:INFO:Initializing Dummy Classifier
2022-04-28 01:36:02,586:INFO:Total runtime is 1.2379674434661865 minutes
2022-04-28 01:36:02,586:INFO:SubProcess create_model() called ==================================
2022-04-28 01:36:02,586:INFO:Initializing create_model()
2022-04-28 01:36:02,587:INFO:create_model(estimator=dummy, fold=StratifiedKFold(n_splits=10, random_state=None, shuffle=False), round=4, cross_validation=True, predict=True, fit_kwargs={}, groups=None, refit=False, verbose=False, system=False, metrics=None, experiment_custom_tags=None, add_to_model_list=True, probability_threshold=None, display=<pycaret.internal.Display.Display object at 0x000001E7EF920340>, return_train_score=False, kwargs={})
2022-04-28 01:36:02,587:INFO:Checking exceptions
2022-04-28 01:36:02,587:INFO:Importing libraries
2022-04-28 01:36:02,587:INFO:Copying training dataset
2022-04-28 01:36:02,588:INFO:Defining folds
2022-04-28 01:36:02,588:INFO:Declaring metric variables
2022-04-28 01:36:02,588:INFO:Importing untrained model
2022-04-28 01:36:02,588:INFO:Dummy Classifier Imported succesfully
2022-04-28 01:36:02,589:INFO:Starting cross validation
2022-04-28 01:36:02,589:INFO:Cross validating with StratifiedKFold(n_splits=10, random_state=None, shuffle=False), n_jobs=-1
2022-04-28 01:36:02,807:INFO:Calculating mean and std
2022-04-28 01:36:02,808:INFO:Creating metrics dataframe
2022-04-28 01:36:02,840:INFO:Uploading results into container
2022-04-28 01:36:02,840:INFO:Uploading model into container now
2022-04-28 01:36:02,840:INFO:create_model_container: 14
2022-04-28 01:36:02,840:INFO:master_model_container: 14
2022-04-28 01:36:02,840:INFO:display_container: 2
2022-04-28 01:36:02,841:INFO:DummyClassifier(constant=None, random_state=4544, strategy='prior')
2022-04-28 01:36:02,841:INFO:create_model() succesfully completed......................................
2022-04-28 01:36:02,916:INFO:SubProcess create_model() end ==================================
2022-04-28 01:36:02,916:INFO:Creating metrics dataframe
2022-04-28 01:36:02,957:INFO:Initializing create_model()
2022-04-28 01:36:02,958:INFO:create_model(estimator=GradientBoostingClassifier(ccp_alpha=0.0, criterion='friedman_mse', init=None,
                           learning_rate=0.1, loss='deviance', max_depth=3,
                           max_features=None, max_leaf_nodes=None,
                           min_impurity_decrease=0.0, min_impurity_split=None,
                           min_samples_leaf=1, min_samples_split=2,
                           min_weight_fraction_leaf=0.0, n_estimators=100,
                           n_iter_no_change=None, presort='deprecated',
                           random_state=4544, subsample=1.0, tol=0.0001,
                           validation_fraction=0.1, verbose=0,
                           warm_start=False), fold=StratifiedKFold(n_splits=10, random_state=None, shuffle=False), round=4, cross_validation=False, predict=False, fit_kwargs={}, groups=None, refit=True, verbose=False, system=False, metrics=None, experiment_custom_tags=None, add_to_model_list=True, probability_threshold=None, display=None, return_train_score=False, kwargs={})
2022-04-28 01:36:02,958:INFO:Checking exceptions
2022-04-28 01:36:02,958:INFO:Importing libraries
2022-04-28 01:36:02,958:INFO:Copying training dataset
2022-04-28 01:36:02,959:INFO:Defining folds
2022-04-28 01:36:02,959:INFO:Declaring metric variables
2022-04-28 01:36:02,959:INFO:Importing untrained model
2022-04-28 01:36:02,959:INFO:Declaring custom model
2022-04-28 01:36:02,961:INFO:Gradient Boosting Classifier Imported succesfully
2022-04-28 01:36:02,962:INFO:Cross validation set to False
2022-04-28 01:36:02,962:INFO:Fitting Model
2022-04-28 01:36:05,905:INFO:GradientBoostingClassifier(ccp_alpha=0.0, criterion='friedman_mse', init=None,
                           learning_rate=0.1, loss='deviance', max_depth=3,
                           max_features=None, max_leaf_nodes=None,
                           min_impurity_decrease=0.0, min_impurity_split=None,
                           min_samples_leaf=1, min_samples_split=2,
                           min_weight_fraction_leaf=0.0, n_estimators=100,
                           n_iter_no_change=None, presort='deprecated',
                           random_state=4544, subsample=1.0, tol=0.0001,
                           validation_fraction=0.1, verbose=0,
                           warm_start=False)
2022-04-28 01:36:05,905:INFO:create_models() succesfully completed......................................
2022-04-28 01:36:06,011:INFO:create_model_container: 14
2022-04-28 01:36:06,011:INFO:master_model_container: 14
2022-04-28 01:36:06,011:INFO:display_container: 2
2022-04-28 01:36:06,012:INFO:GradientBoostingClassifier(ccp_alpha=0.0, criterion='friedman_mse', init=None,
                           learning_rate=0.1, loss='deviance', max_depth=3,
                           max_features=None, max_leaf_nodes=None,
                           min_impurity_decrease=0.0, min_impurity_split=None,
                           min_samples_leaf=1, min_samples_split=2,
                           min_weight_fraction_leaf=0.0, n_estimators=100,
                           n_iter_no_change=None, presort='deprecated',
                           random_state=4544, subsample=1.0, tol=0.0001,
                           validation_fraction=0.1, verbose=0,
                           warm_start=False)
2022-04-28 01:36:06,012:INFO:compare_models() succesfully completed......................................
2022-04-28 01:36:06,028:INFO:Initializing create_model()
2022-04-28 01:36:06,028:INFO:create_model(estimator=gbc, fold=5, round=4, cross_validation=True, predict=True, fit_kwargs=None, groups=None, refit=True, verbose=True, system=True, metrics=None, experiment_custom_tags=None, add_to_model_list=True, probability_threshold=None, display=None, return_train_score=False, kwargs={})
2022-04-28 01:36:06,029:INFO:Checking exceptions
2022-04-28 01:36:06,029:INFO:Preparing display monitor
2022-04-28 01:36:06,031:INFO:Importing libraries
2022-04-28 01:36:06,032:INFO:Copying training dataset
2022-04-28 01:36:06,032:INFO:Defining folds
2022-04-28 01:36:06,033:INFO:Declaring metric variables
2022-04-28 01:36:06,033:INFO:Importing untrained model
2022-04-28 01:36:06,033:INFO:Gradient Boosting Classifier Imported succesfully
2022-04-28 01:36:06,033:INFO:Starting cross validation
2022-04-28 01:36:06,034:INFO:Cross validating with StratifiedKFold(n_splits=5, random_state=None, shuffle=False), n_jobs=-1
2022-04-28 01:36:10,044:INFO:Calculating mean and std
2022-04-28 01:36:10,046:INFO:Creating metrics dataframe
2022-04-28 01:36:10,052:INFO:Finalizing model
2022-04-28 01:36:12,619:INFO:Uploading results into container
2022-04-28 01:36:12,619:INFO:Uploading model into container now
2022-04-28 01:36:12,628:INFO:create_model_container: 15
2022-04-28 01:36:12,628:INFO:master_model_container: 15
2022-04-28 01:36:12,628:INFO:display_container: 3
2022-04-28 01:36:12,629:INFO:GradientBoostingClassifier(ccp_alpha=0.0, criterion='friedman_mse', init=None,
                           learning_rate=0.1, loss='deviance', max_depth=3,
                           max_features=None, max_leaf_nodes=None,
                           min_impurity_decrease=0.0, min_impurity_split=None,
                           min_samples_leaf=1, min_samples_split=2,
                           min_weight_fraction_leaf=0.0, n_estimators=100,
                           n_iter_no_change=None, presort='deprecated',
                           random_state=4544, subsample=1.0, tol=0.0001,
                           validation_fraction=0.1, verbose=0,
                           warm_start=False)
2022-04-28 01:36:12,629:INFO:create_model() succesfully completed......................................
2022-04-28 01:36:12,716:INFO:Initializing tune_model()
2022-04-28 01:36:12,716:INFO:tune_model(estimator=GradientBoostingClassifier(ccp_alpha=0.0, criterion='friedman_mse', init=None,
                           learning_rate=0.1, loss='deviance', max_depth=3,
                           max_features=None, max_leaf_nodes=None,
                           min_impurity_decrease=0.0, min_impurity_split=None,
                           min_samples_leaf=1, min_samples_split=2,
                           min_weight_fraction_leaf=0.0, n_estimators=100,
                           n_iter_no_change=None, presort='deprecated',
                           random_state=4544, subsample=1.0, tol=0.0001,
                           validation_fraction=0.1, verbose=0,
                           warm_start=False), fold=None, round=4, n_iter=10, custom_grid=None, optimize=Accuracy, custom_scorer=None, search_library=scikit-learn, search_algorithm=None, early_stopping=False, early_stopping_max_iters=10, choose_better=False, fit_kwargs=None, groups=None, return_tuner=False, verbose=True, tuner_verbose=True, display=None, return_train_score=False, kwargs={})
2022-04-28 01:36:12,716:INFO:Checking exceptions
2022-04-28 01:36:12,717:INFO:Preparing display monitor
2022-04-28 01:36:12,720:INFO:Copying training dataset
2022-04-28 01:36:12,721:INFO:Checking base model
2022-04-28 01:36:12,721:INFO:Base model : Gradient Boosting Classifier
2022-04-28 01:36:12,722:INFO:Declaring metric variables
2022-04-28 01:36:12,722:INFO:Defining Hyperparameters
2022-04-28 01:36:12,796:INFO:Tuning with n_jobs=-1
2022-04-28 01:36:12,797:INFO:Initializing RandomizedSearchCV
2022-04-28 01:38:20,918:INFO:best_params: {'actual_estimator__subsample': 0.3, 'actual_estimator__n_estimators': 30, 'actual_estimator__min_samples_split': 4, 'actual_estimator__min_samples_leaf': 3, 'actual_estimator__min_impurity_decrease': 0.3, 'actual_estimator__max_features': 'log2', 'actual_estimator__max_depth': 8, 'actual_estimator__learning_rate': 0.01}
2022-04-28 01:38:20,919:INFO:Hyperparameter search completed
2022-04-28 01:38:20,919:INFO:SubProcess create_model() called ==================================
2022-04-28 01:38:20,921:INFO:Initializing create_model()
2022-04-28 01:38:20,921:INFO:create_model(estimator=GradientBoostingClassifier(ccp_alpha=0.0, criterion='friedman_mse', init=None,
                           learning_rate=0.1, loss='deviance', max_depth=3,
                           max_features=None, max_leaf_nodes=None,
                           min_impurity_decrease=0.0, min_impurity_split=None,
                           min_samples_leaf=1, min_samples_split=2,
                           min_weight_fraction_leaf=0.0, n_estimators=100,
                           n_iter_no_change=None, presort='deprecated',
                           random_state=4544, subsample=1.0, tol=0.0001,
                           validation_fraction=0.1, verbose=0,
                           warm_start=False), fold=StratifiedKFold(n_splits=10, random_state=None, shuffle=False), round=4, cross_validation=True, predict=True, fit_kwargs={}, groups=None, refit=True, verbose=True, system=False, metrics=None, experiment_custom_tags=None, add_to_model_list=True, probability_threshold=None, display=<pycaret.internal.Display.Display object at 0x000001E7E7DAD430>, return_train_score=False, kwargs={'subsample': 0.3, 'n_estimators': 30, 'min_samples_split': 4, 'min_samples_leaf': 3, 'min_impurity_decrease': 0.3, 'max_features': 'log2', 'max_depth': 8, 'learning_rate': 0.01})
2022-04-28 01:38:20,921:INFO:Checking exceptions
2022-04-28 01:38:20,921:INFO:Importing libraries
2022-04-28 01:38:20,922:INFO:Copying training dataset
2022-04-28 01:38:20,922:INFO:Defining folds
2022-04-28 01:38:20,922:INFO:Declaring metric variables
2022-04-28 01:38:20,922:INFO:Importing untrained model
2022-04-28 01:38:20,923:INFO:Declaring custom model
2022-04-28 01:38:20,924:INFO:Gradient Boosting Classifier Imported succesfully
2022-04-28 01:38:20,924:INFO:Starting cross validation
2022-04-28 01:38:20,924:INFO:Cross validating with StratifiedKFold(n_splits=10, random_state=None, shuffle=False), n_jobs=-1
2022-04-28 01:38:22,902:INFO:Calculating mean and std
2022-04-28 01:38:22,903:INFO:Creating metrics dataframe
2022-04-28 01:38:22,910:INFO:Finalizing model
2022-04-28 01:38:23,484:INFO:Uploading results into container
2022-04-28 01:38:23,484:INFO:Uploading model into container now
2022-04-28 01:38:23,484:INFO:create_model_container: 16
2022-04-28 01:38:23,484:INFO:master_model_container: 16
2022-04-28 01:38:23,484:INFO:display_container: 4
2022-04-28 01:38:23,485:INFO:GradientBoostingClassifier(ccp_alpha=0.0, criterion='friedman_mse', init=None,
                           learning_rate=0.01, loss='deviance', max_depth=8,
                           max_features='log2', max_leaf_nodes=None,
                           min_impurity_decrease=0.3, min_impurity_split=None,
                           min_samples_leaf=3, min_samples_split=4,
                           min_weight_fraction_leaf=0.0, n_estimators=30,
                           n_iter_no_change=None, presort='deprecated',
                           random_state=4544, subsample=0.3, tol=0.0001,
                           validation_fraction=0.1, verbose=0,
                           warm_start=False)
2022-04-28 01:38:23,485:INFO:create_model() succesfully completed......................................
2022-04-28 01:38:23,579:INFO:SubProcess create_model() end ==================================
2022-04-28 01:38:23,618:INFO:create_model_container: 16
2022-04-28 01:38:23,619:INFO:master_model_container: 16
2022-04-28 01:38:23,619:INFO:display_container: 4
2022-04-28 01:38:23,620:INFO:GradientBoostingClassifier(ccp_alpha=0.0, criterion='friedman_mse', init=None,
                           learning_rate=0.01, loss='deviance', max_depth=8,
                           max_features='log2', max_leaf_nodes=None,
                           min_impurity_decrease=0.3, min_impurity_split=None,
                           min_samples_leaf=3, min_samples_split=4,
                           min_weight_fraction_leaf=0.0, n_estimators=30,
                           n_iter_no_change=None, presort='deprecated',
                           random_state=4544, subsample=0.3, tol=0.0001,
                           validation_fraction=0.1, verbose=0,
                           warm_start=False)
2022-04-28 01:38:23,620:INFO:tune_model() succesfully completed......................................
2022-04-28 01:38:23,710:INFO:Initializing evaluate_model()
2022-04-28 01:38:23,710:INFO:evaluate_model(estimator=GradientBoostingClassifier(ccp_alpha=0.0, criterion='friedman_mse', init=None,
                           learning_rate=0.01, loss='deviance', max_depth=8,
                           max_features='log2', max_leaf_nodes=None,
                           min_impurity_decrease=0.3, min_impurity_split=None,
                           min_samples_leaf=3, min_samples_split=4,
                           min_weight_fraction_leaf=0.0, n_estimators=30,
                           n_iter_no_change=None, presort='deprecated',
                           random_state=4544, subsample=0.3, tol=0.0001,
                           validation_fraction=0.1, verbose=0,
                           warm_start=False), fold=None, fit_kwargs=None, plot_kwargs=None, feature_name=None, groups=None, use_train_data=False)
2022-04-28 01:38:23,738:INFO:Initializing plot_model()
2022-04-28 01:38:23,739:INFO:plot_model(fold=StratifiedKFold(n_splits=10, random_state=None, shuffle=False), use_train_data=False, verbose=True, is_in_evaluate=True, display=None, display_format=None, estimator=GradientBoostingClassifier(ccp_alpha=0.0, criterion='friedman_mse', init=None,
                           learning_rate=0.01, loss='deviance', max_depth=8,
                           max_features='log2', max_leaf_nodes=None,
                           min_impurity_decrease=0.3, min_impurity_split=None,
                           min_samples_leaf=3, min_samples_split=4,
                           min_weight_fraction_leaf=0.0, n_estimators=30,
                           n_iter_no_change=None, presort='deprecated',
                           random_state=4544, subsample=0.3, tol=0.0001,
                           validation_fraction=0.1, verbose=0,
                           warm_start=False), feature_name=None, fit_kwargs={}, groups=None, label=False, plot=parameter, plot_kwargs={}, save=False, scale=1, system=True)
2022-04-28 01:38:23,739:INFO:Checking exceptions
2022-04-28 01:38:23,740:INFO:Preparing display monitor
2022-04-28 01:38:23,740:INFO:Preloading libraries
2022-04-28 01:38:23,747:INFO:Copying training dataset
2022-04-28 01:38:23,748:INFO:Copying test dataset
2022-04-28 01:38:23,749:INFO:Plot type: parameter
2022-04-28 01:38:23,762:INFO:Visual Rendered Successfully
2022-04-28 01:38:23,844:INFO:plot_model() succesfully completed......................................
2022-04-28 01:38:23,865:INFO:Initializing plot_model()
2022-04-28 01:38:23,865:INFO:plot_model(fold=None, use_train_data=False, verbose=True, is_in_evaluate=False, display=None, display_format=None, estimator=GradientBoostingClassifier(ccp_alpha=0.0, criterion='friedman_mse', init=None,
                           learning_rate=0.01, loss='deviance', max_depth=8,
                           max_features='log2', max_leaf_nodes=None,
                           min_impurity_decrease=0.3, min_impurity_split=None,
                           min_samples_leaf=3, min_samples_split=4,
                           min_weight_fraction_leaf=0.0, n_estimators=30,
                           n_iter_no_change=None, presort='deprecated',
                           random_state=4544, subsample=0.3, tol=0.0001,
                           validation_fraction=0.1, verbose=0,
                           warm_start=False), feature_name=None, fit_kwargs=None, groups=None, label=False, plot=feature, plot_kwargs=None, save=False, scale=1, system=True)
2022-04-28 01:38:23,865:INFO:Checking exceptions
2022-04-28 01:38:23,867:INFO:Preparing display monitor
2022-04-28 01:38:23,867:INFO:Preloading libraries
2022-04-28 01:38:23,873:INFO:Copying training dataset
2022-04-28 01:38:23,874:INFO:Copying test dataset
2022-04-28 01:38:23,874:INFO:Plot type: feature
2022-04-28 01:38:23,876:WARNING:No coef_ found. Trying feature_importances_
2022-04-28 01:38:24,294:INFO:Visual Rendered Successfully
2022-04-28 01:38:24,376:INFO:plot_model() succesfully completed......................................
2022-04-28 01:38:24,377:INFO:Initializing plot_model()
2022-04-28 01:38:24,377:INFO:plot_model(fold=None, use_train_data=False, verbose=True, is_in_evaluate=False, display=None, display_format=None, estimator=GradientBoostingClassifier(ccp_alpha=0.0, criterion='friedman_mse', init=None,
                           learning_rate=0.01, loss='deviance', max_depth=8,
                           max_features='log2', max_leaf_nodes=None,
                           min_impurity_decrease=0.3, min_impurity_split=None,
                           min_samples_leaf=3, min_samples_split=4,
                           min_weight_fraction_leaf=0.0, n_estimators=30,
                           n_iter_no_change=None, presort='deprecated',
                           random_state=4544, subsample=0.3, tol=0.0001,
                           validation_fraction=0.1, verbose=0,
                           warm_start=False), feature_name=None, fit_kwargs=None, groups=None, label=False, plot=auc, plot_kwargs=None, save=False, scale=1, system=True)
2022-04-28 01:38:24,378:INFO:Checking exceptions
2022-04-28 01:38:24,379:INFO:Preparing display monitor
2022-04-28 01:38:24,379:INFO:Preloading libraries
2022-04-28 01:38:24,382:INFO:Copying training dataset
2022-04-28 01:38:24,383:INFO:Copying test dataset
2022-04-28 01:38:24,384:INFO:Plot type: auc
2022-04-28 01:38:24,386:INFO:Initializing get_config()
2022-04-28 01:38:24,387:INFO:get_config(variable=prep_pipe)
2022-04-28 01:38:24,392:INFO:Global variable: prep_pipe returned as Pipeline(memory=None,
         steps=[('dtypes',
                 DataTypes_Auto_infer(categorical_features=[],
                                      display_types=False, features_todrop=[],
                                      id_columns=[],
                                      ml_usecase='classification',
                                      numerical_features=[], target='cardio',
                                      time_features=[])),
                ('imputer',
                 Simple_Imputer(categorical_strategy='not_available',
                                fill_value_categorical=None,
                                fill_value_numerical=None,
                                numeric_stra...
                ('scaling', 'passthrough'), ('P_transform', 'passthrough'),
                ('binn', 'passthrough'), ('rem_outliers', 'passthrough'),
                ('cluster_all', 'passthrough'),
                ('dummy', Dummify(target='cardio')),
                ('fix_perfect', Remove_100(target='cardio')),
                ('clean_names', Clean_Colum_Names()),
                ('feature_select', 'passthrough'), ('fix_multi', 'passthrough'),
                ('dfs', 'passthrough'), ('pca', 'passthrough')],
         verbose=False)
2022-04-28 01:38:24,392:INFO:get_config() succesfully completed......................................
2022-04-28 01:38:24,393:INFO:Fitting Model
2022-04-28 01:38:24,394:INFO:Scoring test/hold-out set
2022-04-28 01:38:24,673:INFO:Visual Rendered Successfully
2022-04-28 01:38:24,766:INFO:plot_model() succesfully completed......................................
2022-04-28 01:38:24,768:INFO:Initializing plot_model()
2022-04-28 01:38:24,768:INFO:plot_model(fold=None, use_train_data=False, verbose=True, is_in_evaluate=False, display=None, display_format=None, estimator=GradientBoostingClassifier(ccp_alpha=0.0, criterion='friedman_mse', init=None,
                           learning_rate=0.01, loss='deviance', max_depth=8,
                           max_features='log2', max_leaf_nodes=None,
                           min_impurity_decrease=0.3, min_impurity_split=None,
                           min_samples_leaf=3, min_samples_split=4,
                           min_weight_fraction_leaf=0.0, n_estimators=30,
                           n_iter_no_change=None, presort='deprecated',
                           random_state=4544, subsample=0.3, tol=0.0001,
                           validation_fraction=0.1, verbose=0,
                           warm_start=False), feature_name=None, fit_kwargs=None, groups=None, label=False, plot=confusion_matrix, plot_kwargs=None, save=False, scale=1, system=True)
2022-04-28 01:38:24,769:INFO:Checking exceptions
2022-04-28 01:38:24,770:INFO:Preparing display monitor
2022-04-28 01:38:24,770:INFO:Preloading libraries
2022-04-28 01:38:24,775:INFO:Copying training dataset
2022-04-28 01:38:24,776:INFO:Copying test dataset
2022-04-28 01:38:24,777:INFO:Plot type: confusion_matrix
2022-04-28 01:38:24,779:INFO:Initializing get_config()
2022-04-28 01:38:24,779:INFO:get_config(variable=prep_pipe)
2022-04-28 01:38:24,786:INFO:Global variable: prep_pipe returned as Pipeline(memory=None,
         steps=[('dtypes',
                 DataTypes_Auto_infer(categorical_features=[],
                                      display_types=False, features_todrop=[],
                                      id_columns=[],
                                      ml_usecase='classification',
                                      numerical_features=[], target='cardio',
                                      time_features=[])),
                ('imputer',
                 Simple_Imputer(categorical_strategy='not_available',
                                fill_value_categorical=None,
                                fill_value_numerical=None,
                                numeric_stra...
                ('scaling', 'passthrough'), ('P_transform', 'passthrough'),
                ('binn', 'passthrough'), ('rem_outliers', 'passthrough'),
                ('cluster_all', 'passthrough'),
                ('dummy', Dummify(target='cardio')),
                ('fix_perfect', Remove_100(target='cardio')),
                ('clean_names', Clean_Colum_Names()),
                ('feature_select', 'passthrough'), ('fix_multi', 'passthrough'),
                ('dfs', 'passthrough'), ('pca', 'passthrough')],
         verbose=False)
2022-04-28 01:38:24,786:INFO:get_config() succesfully completed......................................
2022-04-28 01:38:24,787:INFO:Fitting Model
2022-04-28 01:38:24,789:INFO:Scoring test/hold-out set
2022-04-28 01:38:25,004:INFO:Visual Rendered Successfully
2022-04-28 01:38:25,087:INFO:plot_model() succesfully completed......................................
2022-04-28 01:38:25,108:INFO:Initializing finalize_model()
2022-04-28 01:38:25,108:INFO:finalize_model(estimator=GradientBoostingClassifier(ccp_alpha=0.0, criterion='friedman_mse', init=None,
                           learning_rate=0.01, loss='deviance', max_depth=8,
                           max_features='log2', max_leaf_nodes=None,
                           min_impurity_decrease=0.3, min_impurity_split=None,
                           min_samples_leaf=3, min_samples_split=4,
                           min_weight_fraction_leaf=0.0, n_estimators=30,
                           n_iter_no_change=None, presort='deprecated',
                           random_state=4544, subsample=0.3, tol=0.0001,
                           validation_fraction=0.1, verbose=0,
                           warm_start=False), fit_kwargs=None, groups=None, model_only=True, display=None, experiment_custom_tags=None, return_train_score=False)
2022-04-28 01:38:25,110:INFO:Finalizing GradientBoostingClassifier(ccp_alpha=0.0, criterion='friedman_mse', init=None,
                           learning_rate=0.01, loss='deviance', max_depth=8,
                           max_features='log2', max_leaf_nodes=None,
                           min_impurity_decrease=0.3, min_impurity_split=None,
                           min_samples_leaf=3, min_samples_split=4,
                           min_weight_fraction_leaf=0.0, n_estimators=30,
                           n_iter_no_change=None, presort='deprecated',
                           random_state=4544, subsample=0.3, tol=0.0001,
                           validation_fraction=0.1, verbose=0,
                           warm_start=False)
2022-04-28 01:38:25,111:INFO:Initializing create_model()
2022-04-28 01:38:25,111:INFO:create_model(estimator=GradientBoostingClassifier(ccp_alpha=0.0, criterion='friedman_mse', init=None,
                           learning_rate=0.01, loss='deviance', max_depth=8,
                           max_features='log2', max_leaf_nodes=None,
                           min_impurity_decrease=0.3, min_impurity_split=None,
                           min_samples_leaf=3, min_samples_split=4,
                           min_weight_fraction_leaf=0.0, n_estimators=30,
                           n_iter_no_change=None, presort='deprecated',
                           random_state=4544, subsample=0.3, tol=0.0001,
                           validation_fraction=0.1, verbose=0,
                           warm_start=False), fold=None, round=4, cross_validation=True, predict=True, fit_kwargs={}, groups=None, refit=True, verbose=False, system=False, metrics=None, experiment_custom_tags=None, add_to_model_list=False, probability_threshold=None, display=None, return_train_score=False, kwargs={})
2022-04-28 01:38:25,111:INFO:Checking exceptions
2022-04-28 01:38:25,111:INFO:Importing libraries
2022-04-28 01:38:25,111:INFO:Copying training dataset
2022-04-28 01:38:25,113:INFO:Defining folds
2022-04-28 01:38:25,113:INFO:Declaring metric variables
2022-04-28 01:38:25,113:INFO:Importing untrained model
2022-04-28 01:38:25,113:INFO:Declaring custom model
2022-04-28 01:38:25,114:INFO:Gradient Boosting Classifier Imported succesfully
2022-04-28 01:38:25,114:INFO:Starting cross validation
2022-04-28 01:38:25,115:INFO:Cross validating with StratifiedKFold(n_splits=10, random_state=None, shuffle=False), n_jobs=-1
2022-04-28 01:38:27,968:INFO:Calculating mean and std
2022-04-28 01:38:27,969:INFO:Creating metrics dataframe
2022-04-28 01:38:27,973:INFO:Finalizing model
2022-04-28 01:38:28,721:INFO:create_model_container: 16
2022-04-28 01:38:28,721:INFO:master_model_container: 16
2022-04-28 01:38:28,721:INFO:display_container: 5
2022-04-28 01:38:28,722:INFO:GradientBoostingClassifier(ccp_alpha=0.0, criterion='friedman_mse', init=None,
                           learning_rate=0.01, loss='deviance', max_depth=8,
                           max_features='log2', max_leaf_nodes=None,
                           min_impurity_decrease=0.3, min_impurity_split=None,
                           min_samples_leaf=3, min_samples_split=4,
                           min_weight_fraction_leaf=0.0, n_estimators=30,
                           n_iter_no_change=None, presort='deprecated',
                           random_state=4544, subsample=0.3, tol=0.0001,
                           validation_fraction=0.1, verbose=0,
                           warm_start=False)
2022-04-28 01:38:28,722:INFO:create_model() succesfully completed......................................
2022-04-28 01:38:28,825:INFO:create_model_container: 16
2022-04-28 01:38:28,825:INFO:master_model_container: 16
2022-04-28 01:38:28,825:INFO:display_container: 4
2022-04-28 01:38:28,826:INFO:GradientBoostingClassifier(ccp_alpha=0.0, criterion='friedman_mse', init=None,
                           learning_rate=0.01, loss='deviance', max_depth=8,
                           max_features='log2', max_leaf_nodes=None,
                           min_impurity_decrease=0.3, min_impurity_split=None,
                           min_samples_leaf=3, min_samples_split=4,
                           min_weight_fraction_leaf=0.0, n_estimators=30,
                           n_iter_no_change=None, presort='deprecated',
                           random_state=4544, subsample=0.3, tol=0.0001,
                           validation_fraction=0.1, verbose=0,
                           warm_start=False)
2022-04-28 01:38:28,826:INFO:finalize_model() succesfully completed......................................
2022-04-28 01:38:28,937:INFO:Initializing predict_model()
2022-04-28 01:38:28,937:INFO:predict_model(estimator=GradientBoostingClassifier(ccp_alpha=0.0, criterion='friedman_mse', init=None,
                           learning_rate=0.01, loss='deviance', max_depth=8,
                           max_features='log2', max_leaf_nodes=None,
                           min_impurity_decrease=0.3, min_impurity_split=None,
                           min_samples_leaf=3, min_samples_split=4,
                           min_weight_fraction_leaf=0.0, n_estimators=30,
                           n_iter_no_change=None, presort='deprecated',
                           random_state=4544, subsample=0.3, tol=0.0001,
                           validation_fraction=0.1, verbose=0,
                           warm_start=False), probability_threshold=None, encoded_labels=False, drift_report=False, raw_score=False, round=4, verbose=True, ml_usecase=MLUsecase.CLASSIFICATION, display=None, drift_kwargs=None)
2022-04-28 01:38:28,937:INFO:Checking exceptions
2022-04-28 01:38:28,937:INFO:Preloading libraries
2022-04-28 01:38:28,938:INFO:Preparing display monitor
2022-04-28 01:38:29,919:INFO:Initializing create_model()
2022-04-28 01:38:29,919:INFO:create_model(estimator=gbc, fold=None, round=4, cross_validation=True, predict=True, fit_kwargs=None, groups=None, refit=True, verbose=True, system=True, metrics=None, experiment_custom_tags=None, add_to_model_list=True, probability_threshold=None, display=None, return_train_score=False, kwargs={})
2022-04-28 01:38:29,919:INFO:Checking exceptions
2022-04-28 01:38:29,920:INFO:Preparing display monitor
2022-04-28 01:38:29,923:INFO:Importing libraries
2022-04-28 01:38:29,924:INFO:Copying training dataset
2022-04-28 01:38:29,925:INFO:Defining folds
2022-04-28 01:38:29,925:INFO:Declaring metric variables
2022-04-28 01:38:29,925:INFO:Importing untrained model
2022-04-28 01:38:29,926:INFO:Gradient Boosting Classifier Imported succesfully
2022-04-28 01:38:29,927:INFO:Starting cross validation
2022-04-28 01:38:29,928:INFO:Cross validating with StratifiedKFold(n_splits=10, random_state=None, shuffle=False), n_jobs=-1
2022-04-28 01:38:40,282:INFO:Calculating mean and std
2022-04-28 01:38:40,283:INFO:Creating metrics dataframe
2022-04-28 01:38:40,286:INFO:Finalizing model
2022-04-28 01:38:43,423:INFO:Uploading results into container
2022-04-28 01:38:43,423:INFO:Uploading model into container now
2022-04-28 01:38:43,436:INFO:create_model_container: 17
2022-04-28 01:38:43,437:INFO:master_model_container: 17
2022-04-28 01:38:43,437:INFO:display_container: 5
2022-04-28 01:38:43,438:INFO:GradientBoostingClassifier(ccp_alpha=0.0, criterion='friedman_mse', init=None,
                           learning_rate=0.1, loss='deviance', max_depth=3,
                           max_features=None, max_leaf_nodes=None,
                           min_impurity_decrease=0.0, min_impurity_split=None,
                           min_samples_leaf=1, min_samples_split=2,
                           min_weight_fraction_leaf=0.0, n_estimators=100,
                           n_iter_no_change=None, presort='deprecated',
                           random_state=4544, subsample=1.0, tol=0.0001,
                           validation_fraction=0.1, verbose=0,
                           warm_start=False)
2022-04-28 01:38:43,438:INFO:create_model() succesfully completed......................................
2022-04-28 01:38:43,531:INFO:Initializing create_model()
2022-04-28 01:38:43,532:INFO:create_model(estimator=lightgbm, fold=None, round=4, cross_validation=True, predict=True, fit_kwargs=None, groups=None, refit=True, verbose=True, system=True, metrics=None, experiment_custom_tags=None, add_to_model_list=True, probability_threshold=None, display=None, return_train_score=False, kwargs={})
2022-04-28 01:38:43,532:INFO:Checking exceptions
2022-04-28 01:38:43,532:INFO:Preparing display monitor
2022-04-28 01:38:43,534:INFO:Importing libraries
2022-04-28 01:38:43,534:INFO:Copying training dataset
2022-04-28 01:38:43,535:INFO:Defining folds
2022-04-28 01:38:43,535:INFO:Declaring metric variables
2022-04-28 01:38:43,535:INFO:Importing untrained model
2022-04-28 01:38:43,536:INFO:Light Gradient Boosting Machine Imported succesfully
2022-04-28 01:38:43,536:INFO:Starting cross validation
2022-04-28 01:38:43,536:INFO:Cross validating with StratifiedKFold(n_splits=10, random_state=None, shuffle=False), n_jobs=-1
2022-04-28 01:38:45,103:INFO:Calculating mean and std
2022-04-28 01:38:45,105:INFO:Creating metrics dataframe
2022-04-28 01:38:45,110:INFO:Finalizing model
2022-04-28 01:38:45,551:INFO:Uploading results into container
2022-04-28 01:38:45,551:INFO:Uploading model into container now
2022-04-28 01:38:45,587:INFO:create_model_container: 18
2022-04-28 01:38:45,588:INFO:master_model_container: 18
2022-04-28 01:38:45,588:INFO:display_container: 6
2022-04-28 01:38:45,589:INFO:LGBMClassifier(boosting_type='gbdt', class_weight=None, colsample_bytree=1.0,
               importance_type='split', learning_rate=0.1, max_depth=-1,
               min_child_samples=20, min_child_weight=0.001, min_split_gain=0.0,
               n_estimators=100, n_jobs=-1, num_leaves=31, objective=None,
               random_state=4544, reg_alpha=0.0, reg_lambda=0.0, silent='warn',
               subsample=1.0, subsample_for_bin=200000, subsample_freq=0)
2022-04-28 01:38:45,589:INFO:create_model() succesfully completed......................................
2022-04-28 01:38:45,694:INFO:Initializing create_model()
2022-04-28 01:38:45,695:INFO:create_model(estimator=ridge, fold=None, round=4, cross_validation=True, predict=True, fit_kwargs=None, groups=None, refit=True, verbose=True, system=True, metrics=None, experiment_custom_tags=None, add_to_model_list=True, probability_threshold=None, display=None, return_train_score=False, kwargs={})
2022-04-28 01:38:45,695:INFO:Checking exceptions
2022-04-28 01:38:45,695:INFO:Preparing display monitor
2022-04-28 01:38:45,697:INFO:Importing libraries
2022-04-28 01:38:45,698:INFO:Copying training dataset
2022-04-28 01:38:45,699:INFO:Defining folds
2022-04-28 01:38:45,699:INFO:Declaring metric variables
2022-04-28 01:38:45,699:INFO:Importing untrained model
2022-04-28 01:38:45,699:INFO:Ridge Classifier Imported succesfully
2022-04-28 01:38:45,699:INFO:Starting cross validation
2022-04-28 01:38:45,700:INFO:Cross validating with StratifiedKFold(n_splits=10, random_state=None, shuffle=False), n_jobs=-1
2022-04-28 01:38:45,878:INFO:Calculating mean and std
2022-04-28 01:38:45,880:INFO:Creating metrics dataframe
2022-04-28 01:38:45,887:INFO:Finalizing model
2022-04-28 01:38:45,939:INFO:Uploading results into container
2022-04-28 01:38:45,939:INFO:Uploading model into container now
2022-04-28 01:38:45,958:INFO:create_model_container: 19
2022-04-28 01:38:45,958:INFO:master_model_container: 19
2022-04-28 01:38:45,958:INFO:display_container: 7
2022-04-28 01:38:45,959:INFO:RidgeClassifier(alpha=1.0, class_weight=None, copy_X=True, fit_intercept=True,
                max_iter=None, normalize=False, random_state=4544,
                solver='auto', tol=0.001)
2022-04-28 01:38:45,959:INFO:create_model() succesfully completed......................................
2022-04-28 01:38:46,081:INFO:Initializing stack_models()
2022-04-28 01:38:46,082:INFO:stack_models(estimator_list=[GradientBoostingClassifier(ccp_alpha=0.0, criterion='friedman_mse', init=None,
                           learning_rate=0.1, loss='deviance', max_depth=3,
                           max_features=None, max_leaf_nodes=None,
                           min_impurity_decrease=0.0, min_impurity_split=None,
                           min_samples_leaf=1, min_samples_split=2,
                           min_weight_fraction_leaf=0.0, n_estimators=100,
                           n_iter_no_change=None, presort='deprecated',
                           random_state=4544, subsample=1.0, tol=0.0001,
                           validation_fraction=0.1, verbose=0,
                           warm_start=False), LGBMClassifier(boosting_type='gbdt', class_weight=None, colsample_bytree=1.0,
               importance_type='split', learning_rate=0.1, max_depth=-1,
               min_child_samples=20, min_child_weight=0.001, min_split_gain=0.0,
               n_estimators=100, n_jobs=-1, num_leaves=31, objective=None,
               random_state=4544, reg_alpha=0.0, reg_lambda=0.0, silent='warn',
               subsample=1.0, subsample_for_bin=200000, subsample_freq=0), RidgeClassifier(alpha=1.0, class_weight=None, copy_X=True, fit_intercept=True,
                max_iter=None, normalize=False, random_state=4544,
                solver='auto', tol=0.001)], meta_model=None, meta_model_fold=5, fold=None, round=4, method=auto, restack=True, choose_better=False, optimize=Accuracy, fit_kwargs=None, groups=None, probability_threshold=None, verbose=True, display=None, return_train_score=False)
2022-04-28 01:38:46,082:INFO:Checking exceptions
2022-04-28 01:38:46,084:INFO:Defining meta model
2022-04-28 01:38:46,084:INFO:Preparing display monitor
2022-04-28 01:38:46,088:INFO:Copying training dataset
2022-04-28 01:38:46,089:INFO:Getting model names
2022-04-28 01:38:46,090:INFO:[('gbc', GradientBoostingClassifier(ccp_alpha=0.0, criterion='friedman_mse', init=None,
                           learning_rate=0.1, loss='deviance', max_depth=3,
                           max_features=None, max_leaf_nodes=None,
                           min_impurity_decrease=0.0, min_impurity_split=None,
                           min_samples_leaf=1, min_samples_split=2,
                           min_weight_fraction_leaf=0.0, n_estimators=100,
                           n_iter_no_change=None, presort='deprecated',
                           random_state=4544, subsample=1.0, tol=0.0001,
                           validation_fraction=0.1, verbose=0,
                           warm_start=False)), ('lightgbm', LGBMClassifier(boosting_type='gbdt', class_weight=None, colsample_bytree=1.0,
               importance_type='split', learning_rate=0.1, max_depth=-1,
               min_child_samples=20, min_child_weight=0.001, min_split_gain=0.0,
               n_estimators=100, n_jobs=-1, num_leaves=31, objective=None,
               random_state=4544, reg_alpha=0.0, reg_lambda=0.0, silent='warn',
               subsample=1.0, subsample_for_bin=200000, subsample_freq=0)), ('ridge', RidgeClassifier(alpha=1.0, class_weight=None, copy_X=True, fit_intercept=True,
                max_iter=None, normalize=False, random_state=4544,
                solver='auto', tol=0.001))]
2022-04-28 01:38:46,093:INFO:SubProcess create_model() called ==================================
2022-04-28 01:38:46,107:INFO:Initializing create_model()
2022-04-28 01:38:46,107:INFO:create_model(estimator=StackingClassifier(cv=5,
                   estimators=[('gbc',
                                GradientBoostingClassifier(ccp_alpha=0.0,
                                                           criterion='friedman_mse',
                                                           init=None,
                                                           learning_rate=0.1,
                                                           loss='deviance',
                                                           max_depth=3,
                                                           max_features=None,
                                                           max_leaf_nodes=None,
                                                           min_impurity_decrease=0.0,
                                                           min_impurity_split=None,
                                                           min_samples_leaf=1,
                                                           min_samples_split=2,
                                                           min_weight_fraction_leaf=0.0,
                                                           n_estimators=100,
                                                           n_iter_no_ch...
                                                random_state=4544,
                                                solver='auto', tol=0.001))],
                   final_estimator=LogisticRegression(C=1.0, class_weight=None,
                                                      dual=False,
                                                      fit_intercept=True,
                                                      intercept_scaling=1,
                                                      l1_ratio=None,
                                                      max_iter=1000,
                                                      multi_class='auto',
                                                      n_jobs=None, penalty='l2',
                                                      random_state=4544,
                                                      solver='lbfgs',
                                                      tol=0.0001, verbose=0,
                                                      warm_start=False),
                   n_jobs=-1, passthrough=True, stack_method='auto', verbose=0), fold=StratifiedKFold(n_splits=10, random_state=None, shuffle=False), round=4, cross_validation=True, predict=True, fit_kwargs={}, groups=None, refit=True, verbose=True, system=False, metrics=None, experiment_custom_tags=None, add_to_model_list=True, probability_threshold=None, display=<pycaret.internal.Display.Display object at 0x000001E7EF9499A0>, return_train_score=False, kwargs={})
2022-04-28 01:38:46,108:INFO:Checking exceptions
2022-04-28 01:38:46,108:INFO:Importing libraries
2022-04-28 01:38:46,108:INFO:Copying training dataset
2022-04-28 01:38:46,109:INFO:Defining folds
2022-04-28 01:38:46,110:INFO:Declaring metric variables
2022-04-28 01:38:46,110:INFO:Importing untrained model
2022-04-28 01:38:46,110:INFO:Declaring custom model
2022-04-28 01:38:46,118:INFO:Stacking Classifier Imported succesfully
2022-04-28 01:38:46,118:INFO:Starting cross validation
2022-04-28 01:38:46,119:INFO:Cross validating with StratifiedKFold(n_splits=10, random_state=None, shuffle=False), n_jobs=-1
